     1                                  section .rodata
     2 00000000 6861636B616461792D-     	msg: db 'hackaday-u',10;
     2 00000009 750A               
     3 0000000B 68656C6C6F2D776F72-     	hello: db 'hello-world',11;
     3 00000014 6C640B             
     4                                  
     5                                  
     6                                  section .text
     7                                  		global _start
     8                                  	_start:
     9 00000000 BF01000000              		mov rdi, 1
    10 00000005 48BE-                   		mov rsi, msg
    10 00000007 [0000000000000000] 
    11 0000000F BA0A000000              		mov rdx, 10
    12 00000014 B801000000              		mov rax, 1
    13 00000019 0F05                    		syscall
    14 0000001B BF00000000              		mov rdi, 0
    15 00000020 B83C000000              		mov rax, 60
    16 00000025 0F05                    		syscall
    17 00000027 BF01000000              		mov rdi, 1
    18 0000002C 48BE-                   		mov rsi, hello
    18 0000002E [0B00000000000000] 
    19 00000036 BA0B000000              		mov rdx, 11
    20 0000003B B801000000              		mov rax, 1
    21 00000040 0F05                    		syscall
